c:\dev\projects\lightingsimulation\directxtk\bin\windows81\win32\debug\directxtk.pch.codeanalysis
c:\dev\projects\lightingsimulation\directxtk\bin\windows81\win32\debug\directxtk.pdb
c:\dev\projects\lightingsimulation\directxtk\bin\windows81\win32\debug\directxtk.idb
c:\dev\projects\lightingsimulation\directxtk\bin\windows81\win32\debug\directxtk.pch.codeanalysisast
c:\dev\projects\lightingsimulation\directxtk\bin\windows81\win32\debug\pch.nativecodeanalysis.xml
c:\dev\projects\lightingsimulation\directxtk\bin\windows81\win32\debug\pch.obj
c:\dev\projects\lightingsimulation\directxtk\bin\windows81\win32\debug\wavebank.nativecodeanalysis.xml
c:\dev\projects\lightingsimulation\directxtk\bin\windows81\win32\debug\wavebank.obj
c:\dev\projects\lightingsimulation\directxtk\bin\windows81\win32\debug\wavebankreader.nativecodeanalysis.xml
c:\dev\projects\lightingsimulation\directxtk\bin\windows81\win32\debug\wavebankreader.obj
c:\dev\projects\lightingsimulation\directxtk\bin\windows81\win32\debug\wavfilereader.nativecodeanalysis.xml
c:\dev\projects\lightingsimulation\directxtk\bin\windows81\win32\debug\wavfilereader.obj
c:\dev\projects\lightingsimulation\directxtk\bin\windows81\win32\debug\soundeffectinstance.nativecodeanalysis.xml
c:\dev\projects\lightingsimulation\directxtk\bin\windows81\win32\debug\soundeffectinstance.obj
c:\dev\projects\lightingsimulation\directxtk\bin\windows81\win32\debug\audioengine.nativecodeanalysis.xml
c:\dev\projects\lightingsimulation\directxtk\bin\windows81\win32\debug\audioengine.obj
c:\dev\projects\lightingsimulation\directxtk\bin\windows81\win32\debug\soundeffect.nativecodeanalysis.xml
c:\dev\projects\lightingsimulation\directxtk\bin\windows81\win32\debug\soundeffect.obj
c:\dev\projects\lightingsimulation\directxtk\bin\windows81\win32\debug\ddstextureloader.nativecodeanalysis.xml
c:\dev\projects\lightingsimulation\directxtk\bin\windows81\win32\debug\ddstextureloader.obj
c:\dev\projects\lightingsimulation\directxtk\bin\windows81\win32\debug\effectfactory.nativecodeanalysis.xml
c:\dev\projects\lightingsimulation\directxtk\bin\windows81\win32\debug\effectfactory.obj
c:\dev\projects\lightingsimulation\directxtk\bin\windows81\win32\debug\spritebatch.nativecodeanalysis.xml
c:\dev\projects\lightingsimulation\directxtk\bin\windows81\win32\debug\spritebatch.obj
c:\dev\projects\lightingsimulation\directxtk\bin\windows81\win32\debug\dynamicsoundeffectinstance.nativecodeanalysis.xml
c:\dev\projects\lightingsimulation\directxtk\bin\windows81\win32\debug\dynamicsoundeffectinstance.obj
c:\dev\projects\lightingsimulation\directxtk\bin\windows81\win32\debug\effectcommon.nativecodeanalysis.xml
c:\dev\projects\lightingsimulation\directxtk\bin\windows81\win32\debug\effectcommon.obj
c:\dev\projects\lightingsimulation\directxtk\bin\windows81\win32\debug\environmentmapeffect.nativecodeanalysis.xml
c:\dev\projects\lightingsimulation\directxtk\bin\windows81\win32\debug\environmentmapeffect.obj
c:\dev\projects\lightingsimulation\directxtk\bin\windows81\win32\debug\simplemath.nativecodeanalysis.xml
c:\dev\projects\lightingsimulation\directxtk\bin\windows81\win32\debug\simplemath.obj
c:\dev\projects\lightingsimulation\directxtk\bin\windows81\win32\debug\basiceffect.nativecodeanalysis.xml
c:\dev\projects\lightingsimulation\directxtk\bin\windows81\win32\debug\basiceffect.obj
c:\dev\projects\lightingsimulation\directxtk\bin\windows81\win32\debug\modelloadsdkmesh.nativecodeanalysis.xml
c:\dev\projects\lightingsimulation\directxtk\bin\windows81\win32\debug\modelloadsdkmesh.obj
c:\dev\projects\lightingsimulation\directxtk\bin\windows81\win32\debug\alphatesteffect.nativecodeanalysis.xml
c:\dev\projects\lightingsimulation\directxtk\bin\windows81\win32\debug\alphatesteffect.obj
c:\dev\projects\lightingsimulation\directxtk\bin\windows81\win32\debug\gamepad.nativecodeanalysis.xml
c:\dev\projects\lightingsimulation\directxtk\bin\windows81\win32\debug\gamepad.obj
c:\dev\projects\lightingsimulation\directxtk\bin\windows81\win32\debug\screengrab.nativecodeanalysis.xml
c:\dev\projects\lightingsimulation\directxtk\bin\windows81\win32\debug\screengrab.obj
c:\dev\projects\lightingsimulation\directxtk\bin\windows81\win32\debug\primitivebatch.nativecodeanalysis.xml
c:\dev\projects\lightingsimulation\directxtk\bin\windows81\win32\debug\primitivebatch.obj
c:\dev\projects\lightingsimulation\directxtk\bin\windows81\win32\debug\spritefont.nativecodeanalysis.xml
c:\dev\projects\lightingsimulation\directxtk\bin\windows81\win32\debug\spritefont.obj
c:\dev\projects\lightingsimulation\directxtk\bin\windows81\win32\debug\commonstates.nativecodeanalysis.xml
c:\dev\projects\lightingsimulation\directxtk\bin\windows81\win32\debug\commonstates.obj
c:\dev\projects\lightingsimulation\directxtk\bin\windows81\win32\debug\binaryreader.nativecodeanalysis.xml
c:\dev\projects\lightingsimulation\directxtk\bin\windows81\win32\debug\binaryreader.obj
c:\dev\projects\lightingsimulation\directxtk\bin\windows81\win32\debug\model.nativecodeanalysis.xml
c:\dev\projects\lightingsimulation\directxtk\bin\windows81\win32\debug\model.obj
c:\dev\projects\lightingsimulation\directxtk\bin\windows81\win32\debug\vertextypes.nativecodeanalysis.xml
c:\dev\projects\lightingsimulation\directxtk\bin\windows81\win32\debug\vertextypes.obj
c:\dev\projects\lightingsimulation\directxtk\bin\windows81\win32\debug\soundcommon.nativecodeanalysis.xml
c:\dev\projects\lightingsimulation\directxtk\bin\windows81\win32\debug\soundcommon.obj
c:\dev\projects\lightingsimulation\directxtk\bin\windows81\win32\debug\dualtextureeffect.nativecodeanalysis.xml
c:\dev\projects\lightingsimulation\directxtk\bin\windows81\win32\debug\dualtextureeffect.obj
c:\dev\projects\lightingsimulation\directxtk\bin\windows81\win32\debug\modelloadcmo.nativecodeanalysis.xml
c:\dev\projects\lightingsimulation\directxtk\bin\windows81\win32\debug\modelloadcmo.obj
c:\dev\projects\lightingsimulation\directxtk\bin\windows81\win32\debug\dgsleffectfactory.nativecodeanalysis.xml
c:\dev\projects\lightingsimulation\directxtk\bin\windows81\win32\debug\dgsleffectfactory.obj
c:\dev\projects\lightingsimulation\directxtk\bin\windows81\win32\debug\skinnedeffect.nativecodeanalysis.xml
c:\dev\projects\lightingsimulation\directxtk\bin\windows81\win32\debug\skinnedeffect.obj
c:\dev\projects\lightingsimulation\directxtk\bin\windows81\win32\debug\wictextureloader.nativecodeanalysis.xml
c:\dev\projects\lightingsimulation\directxtk\bin\windows81\win32\debug\wictextureloader.obj
c:\dev\projects\lightingsimulation\directxtk\bin\windows81\win32\debug\dgsleffect.nativecodeanalysis.xml
c:\dev\projects\lightingsimulation\directxtk\bin\windows81\win32\debug\dgsleffect.obj
c:\dev\projects\lightingsimulation\directxtk\bin\windows81\win32\debug\geometricprimitive.nativecodeanalysis.xml
c:\dev\projects\lightingsimulation\directxtk\bin\windows81\win32\debug\geometricprimitive.obj
c:\dev\projects\lightingsimulation\directxtk\bin\windows81\win32\debug\directxtk_windows81.vcxprojresolveassemblyreference.cache
c:\dev\projects\lightingsimulation\directxtk\bin\windows81\win32\debug\directxtk.lib.lastcodeanalysissucceeded
c:\dev\projects\lightingsimulation\directxtk\bin\windows81\win32\debug\nativecodeanalysis.read.1.tlog
c:\dev\projects\lightingsimulation\directxtk\bin\windows81\win32\debug\directxtk.lib
c:\dev\projects\lightingsimulation\directxtk\bin\windows81\win32\debug\priconfig.xml
c:\dev\projects\lightingsimulation\directxtk\bin\windows81\win32\debug\priconfig.xml.intermediate
c:\dev\projects\lightingsimulation\directxtk\bin\windows81\win32\debug\layout.resfiles
c:\dev\projects\lightingsimulation\directxtk\bin\windows81\win32\debug\layout.resfiles.intermediate
c:\dev\projects\lightingsimulation\directxtk\bin\windows81\win32\debug\resources.resfiles
c:\dev\projects\lightingsimulation\directxtk\bin\windows81\win32\debug\resources.resfiles.intermediate
c:\dev\projects\lightingsimulation\directxtk\bin\windows81\win32\debug\pri.resfiles
c:\dev\projects\lightingsimulation\directxtk\bin\windows81\win32\debug\pri.resfiles.intermediate
c:\dev\projects\lightingsimulation\directxtk\bin\windows81\win32\debug\directxtk.pri
c:\dev\projects\lightingsimulation\directxtk\bin\windows81\win32\debug\qualifiers.txt
c:\dev\projects\lightingsimulation\directxtk\bin\windows81\win32\debug\qualifiers.txt.intermediate
c:\dev\projects\lightingsimulation\directxtk\bin\windows81\win32\debug\multiplequalifiersperdimensionfound.txt
c:\dev\projects\lightingsimulation\directxtk\bin\windows81\win32\debug\vc.nativecodeanalysis.all.xml
c:\dev\projects\lightingsimulation\directxtk\bin\windows81\win32\debug\directxt.e0b52ae7.tlog\cl.command.1.tlog
c:\dev\projects\lightingsimulation\directxtk\bin\windows81\win32\debug\directxt.e0b52ae7.tlog\cl.read.1.tlog
c:\dev\projects\lightingsimulation\directxtk\bin\windows81\win32\debug\directxt.e0b52ae7.tlog\cl.read.3.tlog
c:\dev\projects\lightingsimulation\directxtk\bin\windows81\win32\debug\directxt.e0b52ae7.tlog\cl.write.1.tlog
c:\dev\projects\lightingsimulation\directxtk\bin\windows81\win32\debug\directxt.e0b52ae7.tlog\directxtk_windows81.read.1u.tlog
c:\dev\projects\lightingsimulation\directxtk\bin\windows81\win32\debug\directxt.e0b52ae7.tlog\directxtk_windows81.write.1u.tlog
c:\dev\projects\lightingsimulation\directxtk\bin\windows81\win32\debug\directxt.e0b52ae7.tlog\lib-link.read.1.tlog
c:\dev\projects\lightingsimulation\directxtk\bin\windows81\win32\debug\directxt.e0b52ae7.tlog\lib-link.write.1.tlog
c:\dev\projects\lightingsimulation\directxtk\bin\windows81\win32\debug\directxt.e0b52ae7.tlog\lib.command.1.tlog
